Arguments: 
  /Users/jlcote/.asdf/installs/nodejs/16.13.0/bin/node /Users/jlcote/.asdf/installs/yarn/1.22.4/bin/yarn.js server

PATH: 
  /Users/jlcote/.asdf/plugins/nodejs/shims:/Users/jlcote/.asdf/installs/nodejs/16.13.0/.npm/bin:/Users/jlcote/.asdf/installs/nodejs/16.13.0/bin:/Users/jlcote/.asdf/installs/yarn/1.22.4/bin:/Users/jlcote/.pyenv/shims:/Users/jlcote/.asdf/shims:/Users/jlcote/.asdf/bin:/usr/local/bin:/usr/bin:/bin:/usr/sbin:/sbin:/usr/local/munki:/Library/Apple/usr/bin:/Users/jlcote/bin:/Users/jlcote/kronos/bootcamp/k8s

Yarn version: 
  1.22.4

Node version: 
  16.13.0

Platform: 
  darwin x64

Trace: 
  SyntaxError: /Users/jlcote/Documents/test-installation/that-tree/package.json: Unexpected token } in JSON at position 174
      at JSON.parse (<anonymous>)
      at /Users/jlcote/.asdf/installs/yarn/1.22.4/lib/cli.js:1625:59
      at Generator.next (<anonymous>)
      at step (/Users/jlcote/.asdf/installs/yarn/1.22.4/lib/cli.js:310:30)
      at /Users/jlcote/.asdf/installs/yarn/1.22.4/lib/cli.js:321:13

npm manifest: 
  {
    "name": "that-tree2",
    "version": "1.0.0",
    "license": "MIT",
    "scripts": {
      "postinstall": "cd server && yarn install && cd ../file-exploxer && yarn install"
    },
  }

yarn manifest: 
  No manifest

Lockfile: 
  # THIS IS AN AUTOGENERATED FILE. DO NOT EDIT THIS FILE DIRECTLY.
  # yarn lockfile v1
