Arguments: 
  /Users/jlcote/.asdf/installs/nodejs/16.13.0/bin/node /Users/jlcote/.asdf/installs/yarn/1.22.4/bin/yarn.js start

PATH: 
  /Users/jlcote/.asdf/plugins/nodejs/shims:/Users/jlcote/.asdf/installs/nodejs/16.13.0/.npm/bin:/Users/jlcote/.asdf/installs/nodejs/16.13.0/bin:/Users/jlcote/.asdf/installs/yarn/1.22.4/bin:/Users/jlcote/.pyenv/shims:/Users/jlcote/.asdf/shims:/Users/jlcote/.asdf/bin:/usr/local/bin:/usr/bin:/bin:/usr/sbin:/sbin:/usr/local/munki:/Library/Apple/usr/bin:/Users/jlcote/bin:/Users/jlcote/kronos/bootcamp/k8s

Yarn version: 
  1.22.4

Node version: 
  16.13.0

Platform: 
  darwin x64

Trace: 
  SyntaxError: /Users/jlcote/Documents/that-tree2/package.json: Unexpected token } in JSON at position 68
      at JSON.parse (<anonymous>)
      at /Users/jlcote/.asdf/installs/yarn/1.22.4/lib/cli.js:1625:59
      at Generator.next (<anonymous>)
      at step (/Users/jlcote/.asdf/installs/yarn/1.22.4/lib/cli.js:310:30)
      at /Users/jlcote/.asdf/installs/yarn/1.22.4/lib/cli.js:321:13

npm manifest: 
  {
    "name": "server",
    "version": "1.0.0",
    "main": "dist/index.js",
    "license": "MIT",
    "scripts": {
      "start": "tsc && node dist/index.js"
    },
    "dependencies": {
      "@types/node": "^17.0.17",
      "ws": "^8.5.0"
    },
    "devDependencies": {
      "typescript": "^4.5.5"
    }
  }

yarn manifest: 
  No manifest

Lockfile: 
  # THIS IS AN AUTOGENERATED FILE. DO NOT EDIT THIS FILE DIRECTLY.
  # yarn lockfile v1
  
  
  "@types/node@^17.0.17":
    version "17.0.17"
    resolved "https://registry.yarnpkg.com/@types/node/-/node-17.0.17.tgz#a8ddf6e0c2341718d74ee3dc413a13a042c45a0c"
    integrity sha512-e8PUNQy1HgJGV3iU/Bp2+D/DXh3PYeyli8LgIwsQcs1Ar1LoaWHSIT6Rw+H2rNJmiq6SNWiDytfx8+gYj7wDHw==
  
  typescript@^4.5.5:
    version "4.5.5"
    resolved "https://registry.yarnpkg.com/typescript/-/typescript-4.5.5.tgz#d8c953832d28924a9e3d37c73d729c846c5896f3"
    integrity sha512-TCTIul70LyWe6IJWT8QSYeA54WQe8EjQFU4wY52Fasj5UKx88LNYKCgBEHcOMOrFF1rKGbD8v/xcNWVUq9SymA==
  
  ws@^8.5.0:
    version "8.5.0"
    resolved "https://registry.yarnpkg.com/ws/-/ws-8.5.0.tgz#bfb4be96600757fe5382de12c670dab984a1ed4f"
    integrity sha512-BWX0SWVgLPzYwF8lTzEy1egjhS4S4OEAHfsO8o65WOVsrnSRGaSiUaa9e0ggGlkMTtBlmOpEXiie9RUcBO86qg==
